
::1 - - [11/Dec/2019:10:49:42 +0000] "DELETE /movie/499 HTTP/1.1" 500 9
::1 - - [11/Dec/2019:11:01:00 +0000] "GET /api/movie HTTP/1.1" 200 18739
::1 - - [11/Dec/2019:11:01:08 +0000] "DELETE /api/movie/499 HTTP/1.1" 500 9
::1 - - [11/Dec/2019:11:01:12 +0000] "DELETE /api/movie/49 HTTP/1.1" 500 9
::1 - - [11/Dec/2019:11:01:22 +0000] "PUT /api/movie/49 HTTP/1.1" 200 16
::1 - - [11/Dec/2019:11:04:12 +0000] "POST /api/movie HTTP/1.1" 200 14
::1 - - [11/Dec/2019:11:04:40 +0000] "POST /api/director HTTP/1.1" 201 14
::1 - - [11/Dec/2019:11:06:59 +0000] "GET /api/movie HTTP/1.1" 200 19099
::1 - - [11/Dec/2019:11:07:03 +0000] "DELETE /api/movie/49 HTTP/1.1" 500 9
::1 - - [11/Dec/2019:11:07:09 +0000] "DELETE /api/movie/4 HTTP/1.1" 410 21
::1 - - [11/Dec/2019:11:07:17 +0000] "GET /api/movie/4 HTTP/1.1" 500 9
::1 - - [11/Dec/2019:11:07:18 +0000] "GET /api/movie/4 HTTP/1.1" 500 9
::1 - - [11/Dec/2019:11:07:19 +0000] "GET /api/movie/4 HTTP/1.1" 500 9
::1 - - [11/Dec/2019:11:07:26 +0000] "GET /api/movie/3 HTTP/1.1" 200 459
::1 - - [11/Dec/2019:11:07:42 +0000] "PUT /api/movie/49 HTTP/1.1" 202 16
::1 - - [11/Dec/2019:11:07:58 +0000] "DELETE /api/movie/499 HTTP/1.1" 500 9
::1 - - [11/Dec/2019:11:08:03 +0000] "DELETE /api/movie/49 HTTP/1.1" 500 9
::1 - - [11/Dec/2019:11:08:08 +0000] "DELETE /api/movie/48 HTTP/1.1" 410 22
::1 - - [11/Dec/2019:11:08:24 +0000] "POST /api/movie HTTP/1.1" 201 14
::1 - - [11/Dec/2019:11:08:40 +0000] "GET /api/director HTTP/1.1" 200 1942
::1 - - [11/Dec/2019:11:08:44 +0000] "GET /api/director HTTP/1.1" 200 1942
::1 - - [11/Dec/2019:11:09:13 +0000] "GET /api/director/1 HTTP/1.1" 200 36
::1 - - [11/Dec/2019:11:09:40 +0000] "PUT /director/2 HTTP/1.1" 404 149
::1 - - [11/Dec/2019:11:09:49 +0000] "PUT /director/1 HTTP/1.1" 404 149
::1 - - [11/Dec/2019:11:09:58 +0000] "PUT /director/10 HTTP/1.1" 404 150
::1 - - [11/Dec/2019:11:10:11 +0000] "DELETE /director/51 HTTP/1.1" 404 153
::1 - - [11/Dec/2019:11:10:42 +0000] "DELETE /director/50 HTTP/1.1" 404 153
::1 - - [11/Dec/2019:11:10:50 +0000] "DELETE /api/director/50 HTTP/1.1" 410 25
::1 - - [11/Dec/2019:11:11:03 +0000] "PUT /api/director/10 HTTP/1.1" 202 16
::1 - - [11/Dec/2019:12:37:47 +0000] "GET /api/director/100 HTTP/1.1" 500 21
::1 - - [11/Dec/2019:12:38:06 +0000] "GET /api/director/1 HTTP/1.1" 200 36
::1 - - [11/Dec/2019:12:38:13 +0000] "GET /api/director/151 HTTP/1.1" 500 21
::1 - - [11/Dec/2019:12:38:48 +0000] "GET /api/director/51 HTTP/1.1" 500 21
::1 - - [11/Dec/2019:12:40:08 +0000] "POST /api/director HTTP/1.1" 201 14
